<?xml version="1.0" encoding="UTF-8"?>
<!-- Generated by org.testng.reporters.JUnitReportReporter -->
<testsuite hostname="Amits-MacBook-Air.local" failures="0" tests="2" name="runner.MySerenityRunner" time="0.607" errors="2" timestamp="2024-03-24T16:20:27 IST" skipped="0">
  <testcase classname="runner.MySerenityRunner" name="runScenario" time="0.304">
    <error message="Unable to provision, see the following errors:

1) [Guice/ErrorInjectingConstructor]: NoClassDefFoundError: Could not initialize class WebdriverCloseBrowser
  at WebdriverCloseBrowser.&lt;init&gt;(WebdriverCloseBrowser.java:22)
  while locating WebdriverCloseBrowser
  at WebDriverModule.configure(WebDriverModule.java:20)
  while locating CloseBrowser

Learn more:
  https://github.com/google/guice/wiki/ERROR_INJECTING_CONSTRUCTOR

1 error

======================
Full classname legend:
======================
CloseBrowser:          &quot;net.thucydides.core.webdriver.CloseBrowser&quot;
WebDriverModule:       &quot;net.thucydides.core.guice.webdriver.WebDriverModule&quot;
WebdriverCloseBrowser: &quot;net.thucydides.core.webdriver.WebdriverCloseBrowser&quot;
========================
End of classname legend:
========================
" type="com.google.inject.ProvisionException">
      <![CDATA[com.google.inject.ProvisionException: Unable to provision, see the following errors:

1) [Guice/ErrorInjectingConstructor]: NoClassDefFoundError: Could not initialize class WebdriverCloseBrowser
  at WebdriverCloseBrowser.<init>(WebdriverCloseBrowser.java:22)
  while locating WebdriverCloseBrowser
  at WebDriverModule.configure(WebDriverModule.java:20)
  while locating CloseBrowser

Learn more:
  https://github.com/google/guice/wiki/ERROR_INJECTING_CONSTRUCTOR

1 error

======================
Full classname legend:
======================
CloseBrowser:          "net.thucydides.core.webdriver.CloseBrowser"
WebDriverModule:       "net.thucydides.core.guice.webdriver.WebDriverModule"
WebdriverCloseBrowser: "net.thucydides.core.webdriver.WebdriverCloseBrowser"
========================
End of classname legend:
========================

at com.google.inject.internal.InternalProvisionException.toProvisionException(InternalProvisionException.java:251)
at com.google.inject.internal.InjectorImpl$1.get(InjectorImpl.java:1103)
at com.google.inject.internal.InjectorImpl.getInstance(InjectorImpl.java:1138)
at net.thucydides.core.webdriver.WebDriverFactory.<init>(WebDriverFactory.java:66)
at net.thucydides.core.webdriver.WebDriverFactory.<init>(WebDriverFactory.java:58)
at net.thucydides.core.webdriver.WebDriverFactory.<init>(WebDriverFactory.java:54)
at net.thucydides.core.webdriver.ThucydidesWebDriverSupport.newWebdriverManager(ThucydidesWebDriverSupport.java:45)
at net.thucydides.core.webdriver.ThucydidesWebDriverSupport.initialize(ThucydidesWebDriverSupport.java:29)
at net.thucydides.core.webdriver.ThucydidesWebDriverSupport.getDriver(ThucydidesWebDriverSupport.java:133)
at net.thucydides.core.webdriver.ThucydidesWebDriverSupport.getPages(ThucydidesWebDriverSupport.java:207)
at net.serenitybdd.core.Serenity.getPages(Serenity.java:199)
at net.serenitybdd.core.Serenity.getDefaultDependencyInjectors(Serenity.java:90)
at net.serenitybdd.core.Serenity.getDependencyInjectors(Serenity.java:80)
at net.serenitybdd.core.Serenity.resetDependencyInjectors(Serenity.java:73)
at net.serenitybdd.core.Serenity.done(Serenity.java:177)
at cucumber.runtime.SerenityObjectFactory.stop(SerenityObjectFactory.java:35)
at io.cucumber.core.runner.Runner.disposeBackendWorlds(Runner.java:156)
at io.cucumber.core.runner.Runner.runPickle(Runner.java:78)
at io.cucumber.testng.TestNGCucumberRunner.lambda$runScenario$1(TestNGCucumberRunner.java:132)
at io.cucumber.core.runtime.CucumberExecutionContext.lambda$runTestCase$5(CucumberExecutionContext.java:137)
at io.cucumber.core.runtime.RethrowingThrowableCollector.executeAndThrow(RethrowingThrowableCollector.java:23)
at io.cucumber.core.runtime.CucumberExecutionContext.runTestCase(CucumberExecutionContext.java:137)
at io.cucumber.testng.TestNGCucumberRunner.runScenario(TestNGCucumberRunner.java:129)
at io.cucumber.testng.AbstractTestNGCucumberTests.runScenario(AbstractTestNGCucumberTests.java:35)
at java.base/jdk.internal.reflect.NativeMethodAccessorImpl.invoke0(Native Method)
at java.base/jdk.internal.reflect.NativeMethodAccessorImpl.invoke(NativeMethodAccessorImpl.java:62)
at java.base/jdk.internal.reflect.DelegatingMethodAccessorImpl.invoke(DelegatingMethodAccessorImpl.java:43)
at java.base/java.lang.reflect.Method.invoke(Method.java:566)
at org.testng.internal.invokers.MethodInvocationHelper.invokeMethod(MethodInvocationHelper.java:139)
at org.testng.internal.invokers.TestInvoker.invokeMethod(TestInvoker.java:664)
at org.testng.internal.invokers.TestInvoker.invokeTestMethod(TestInvoker.java:228)
at org.testng.internal.invokers.TestMethodWithDataProviderMethodWorker.call(TestMethodWithDataProviderMethodWorker.java:80)
at java.base/java.util.concurrent.CompletableFuture$AsyncSupply.run(CompletableFuture.java:1700)
at java.base/java.util.concurrent.ThreadPoolExecutor.runWorker(ThreadPoolExecutor.java:1128)
at java.base/java.util.concurrent.ThreadPoolExecutor$Worker.run(ThreadPoolExecutor.java:628)
at java.base/java.lang.Thread.run(Thread.java:834)
Caused by: java.lang.NoClassDefFoundError: Could not initialize class net.thucydides.core.webdriver.WebdriverCloseBrowser
at net.thucydides.core.webdriver.WebdriverCloseBrowser$$FastClassByGuice$$21167126.GUICE$TRAMPOLINE(<generated>)
at net.thucydides.core.webdriver.WebdriverCloseBrowser$$FastClassByGuice$$21167126.apply(<generated>)
at com.google.inject.internal.DefaultConstructionProxyFactory$FastClassProxy.newInstance(DefaultConstructionProxyFactory.java:82)
at com.google.inject.internal.ConstructorInjector.provision(ConstructorInjector.java:114)
at com.google.inject.internal.ConstructorInjector.construct(ConstructorInjector.java:91)
at com.google.inject.internal.ConstructorBindingImpl$Factory.get(ConstructorBindingImpl.java:296)
at com.google.inject.internal.FactoryProxy.get(FactoryProxy.java:60)
at com.google.inject.internal.ProviderToInternalFactoryAdapter.get(ProviderToInternalFactoryAdapter.java:40)
at com.google.inject.internal.SingletonScope$1.get(SingletonScope.java:169)
at com.google.inject.internal.InternalFactoryToProviderAdapter.get(InternalFactoryToProviderAdapter.java:45)
at com.google.inject.internal.InjectorImpl$1.get(InjectorImpl.java:1100)
... 34 more
Caused by: java.lang.ExceptionInInitializerError: Exception java.lang.NoClassDefFoundError: org/openqa/selenium/interactions/HasInputDevices [in thread "TestNG-PoolService-1"]
at java.base/java.lang.ClassLoader.defineClass1(Native Method)
at java.base/java.lang.ClassLoader.defineClass(ClassLoader.java:1016)
at java.base/java.security.SecureClassLoader.defineClass(SecureClassLoader.java:174)
at java.base/jdk.internal.loader.BuiltinClassLoader.defineClass(BuiltinClassLoader.java:800)
at java.base/jdk.internal.loader.BuiltinClassLoader.findClassOnClassPathOrNull(BuiltinClassLoader.java:698)
at java.base/jdk.internal.loader.BuiltinClassLoader.loadClassOrNull(BuiltinClassLoader.java:621)
at java.base/jdk.internal.loader.BuiltinClassLoader.loadClass(BuiltinClassLoader.java:579)
at java.base/jdk.internal.loader.ClassLoaders$AppClassLoader.loadClass(ClassLoaders.java:178)
at java.base/java.lang.ClassLoader.loadClass(ClassLoader.java:521)
at net.thucydides.core.webdriver.WebdriverCloseBrowser.<clinit>(WebdriverCloseBrowser.java:17)
at net.thucydides.core.webdriver.WebdriverCloseBrowser$$FastClassByGuice$$21167126.GUICE$TRAMPOLINE(<generated>)
at net.thucydides.core.webdriver.WebdriverCloseBrowser$$FastClassByGuice$$21167126.apply(<generated>)
at com.google.inject.internal.DefaultConstructionProxyFactory$FastClassProxy.newInstance(DefaultConstructionProxyFactory.java:82)
at com.google.inject.internal.ConstructorInjector.provision(ConstructorInjector.java:114)
at com.google.inject.internal.ConstructorInjector.construct(ConstructorInjector.java:91)
at com.google.inject.internal.ConstructorBindingImpl$Factory.get(ConstructorBindingImpl.java:296)
at com.google.inject.internal.FactoryProxy.get(FactoryProxy.java:60)
at com.google.inject.internal.ProviderToInternalFactoryAdapter.get(ProviderToInternalFactoryAdapter.java:40)
at com.google.inject.internal.SingletonScope$1.get(SingletonScope.java:169)
at com.google.inject.internal.InternalFactoryToProviderAdapter.get(InternalFactoryToProviderAdapter.java:45)
at com.google.inject.internal.InjectorImpl$1.get(InjectorImpl.java:1100)
at com.google.inject.internal.InjectorImpl.getInstance(InjectorImpl.java:1138)
at net.thucydides.core.webdriver.WebDriverFactory.<init>(WebDriverFactory.java:66)
at net.thucydides.core.webdriver.WebDriverFactory.<init>(WebDriverFactory.java:58)
at net.thucydides.core.webdriver.WebDriverFactory.<init>(WebDriverFactory.java:54)
at net.thucydides.core.webdriver.WebDriverFactory$$FastClassByGuice$$25559261.GUICE$TRAMPOLINE(<generated>)
at net.thucydides.core.webdriver.WebDriverFactory$$FastClassByGuice$$25559261.apply(<generated>)
at com.google.inject.internal.DefaultConstructionProxyFactory$FastClassProxy.newInstance(DefaultConstructionProxyFactory.java:82)
at com.google.inject.internal.ConstructorInjector.provision(ConstructorInjector.java:114)
at com.google.inject.internal.ConstructorInjector.construct(ConstructorInjector.java:91)
at com.google.inject.internal.ConstructorBindingImpl$Factory.get(ConstructorBindingImpl.java:296)
at com.google.inject.internal.InjectorImpl$1.get(InjectorImpl.java:1100)
at com.google.inject.internal.InjectorImpl.getInstance(InjectorImpl.java:1138)
at net.serenitybdd.core.Serenity.setupWebDriverFactory(Serenity.java:125)
at net.serenitybdd.core.Serenity.initializeWithNoStepListener(Serenity.java:101)
at cucumber.runtime.SerenityObjectFactory.newInstance(SerenityObjectFactory.java:75)
at cucumber.runtime.SerenityObjectFactory.cacheNewInstance(SerenityObjectFactory.java:58)
at cucumber.runtime.SerenityObjectFactory.getInstance(SerenityObjectFactory.java:48)
at io.cucumber.java.AbstractGlueDefinition.invokeMethod(AbstractGlueDefinition.java:47)
at io.cucumber.java.JavaHookDefinition.execute(JavaHookDefinition.java:64)
at io.cucumber.core.runner.CoreHookDefinition.execute(CoreHookDefinition.java:46)
at io.cucumber.core.runner.HookDefinitionMatch.runStep(HookDefinitionMatch.java:21)
at io.cucumber.core.runner.ExecutionMode$1.execute(ExecutionMode.java:10)
at io.cucumber.core.runner.TestStep.executeStep(TestStep.java:84)
at io.cucumber.core.runner.TestStep.run(TestStep.java:56)
at io.cucumber.core.runner.TestCase.run(TestCase.java:78)
at io.cucumber.core.runner.Runner.runPickle(Runner.java:75)
... 18 more
]]>
    </error>
  </testcase> <!-- runScenario -->
  <testcase classname="runner.MySerenityRunner" name="runScenario" time="0.303">
    <error message="Unable to provision, see the following errors:

1) [Guice/ErrorInjectingConstructor]: NoClassDefFoundError: Could not initialize class WebdriverCloseBrowser
  at WebdriverCloseBrowser.&lt;init&gt;(WebdriverCloseBrowser.java:22)
  while locating WebdriverCloseBrowser
  at WebDriverModule.configure(WebDriverModule.java:20)
  while locating CloseBrowser

Learn more:
  https://github.com/google/guice/wiki/ERROR_INJECTING_CONSTRUCTOR

1 error

======================
Full classname legend:
======================
CloseBrowser:          &quot;net.thucydides.core.webdriver.CloseBrowser&quot;
WebDriverModule:       &quot;net.thucydides.core.guice.webdriver.WebDriverModule&quot;
WebdriverCloseBrowser: &quot;net.thucydides.core.webdriver.WebdriverCloseBrowser&quot;
========================
End of classname legend:
========================
" type="com.google.inject.ProvisionException">
      <![CDATA[com.google.inject.ProvisionException: Unable to provision, see the following errors:

1) [Guice/ErrorInjectingConstructor]: NoClassDefFoundError: Could not initialize class WebdriverCloseBrowser
  at WebdriverCloseBrowser.<init>(WebdriverCloseBrowser.java:22)
  while locating WebdriverCloseBrowser
  at WebDriverModule.configure(WebDriverModule.java:20)
  while locating CloseBrowser

Learn more:
  https://github.com/google/guice/wiki/ERROR_INJECTING_CONSTRUCTOR

1 error

======================
Full classname legend:
======================
CloseBrowser:          "net.thucydides.core.webdriver.CloseBrowser"
WebDriverModule:       "net.thucydides.core.guice.webdriver.WebDriverModule"
WebdriverCloseBrowser: "net.thucydides.core.webdriver.WebdriverCloseBrowser"
========================
End of classname legend:
========================

at com.google.inject.internal.InternalProvisionException.toProvisionException(InternalProvisionException.java:251)
at com.google.inject.internal.InjectorImpl$1.get(InjectorImpl.java:1103)
at com.google.inject.internal.InjectorImpl.getInstance(InjectorImpl.java:1138)
at net.thucydides.core.webdriver.WebDriverFactory.<init>(WebDriverFactory.java:66)
at net.thucydides.core.webdriver.WebDriverFactory.<init>(WebDriverFactory.java:58)
at net.thucydides.core.webdriver.WebDriverFactory.<init>(WebDriverFactory.java:54)
at net.thucydides.core.webdriver.ThucydidesWebDriverSupport.newWebdriverManager(ThucydidesWebDriverSupport.java:45)
at net.thucydides.core.webdriver.ThucydidesWebDriverSupport.initialize(ThucydidesWebDriverSupport.java:29)
at net.thucydides.core.webdriver.ThucydidesWebDriverSupport.getDriver(ThucydidesWebDriverSupport.java:133)
at net.thucydides.core.webdriver.ThucydidesWebDriverSupport.getPages(ThucydidesWebDriverSupport.java:207)
at net.serenitybdd.core.Serenity.getPages(Serenity.java:199)
at net.serenitybdd.core.Serenity.getDefaultDependencyInjectors(Serenity.java:90)
at net.serenitybdd.core.Serenity.getDependencyInjectors(Serenity.java:80)
at net.serenitybdd.core.Serenity.resetDependencyInjectors(Serenity.java:73)
at net.serenitybdd.core.Serenity.done(Serenity.java:177)
at cucumber.runtime.SerenityObjectFactory.stop(SerenityObjectFactory.java:35)
at io.cucumber.core.runner.Runner.disposeBackendWorlds(Runner.java:156)
at io.cucumber.core.runner.Runner.runPickle(Runner.java:78)
at io.cucumber.testng.TestNGCucumberRunner.lambda$runScenario$1(TestNGCucumberRunner.java:132)
at io.cucumber.core.runtime.CucumberExecutionContext.lambda$runTestCase$5(CucumberExecutionContext.java:137)
at io.cucumber.core.runtime.RethrowingThrowableCollector.executeAndThrow(RethrowingThrowableCollector.java:23)
at io.cucumber.core.runtime.CucumberExecutionContext.runTestCase(CucumberExecutionContext.java:137)
at io.cucumber.testng.TestNGCucumberRunner.runScenario(TestNGCucumberRunner.java:129)
at io.cucumber.testng.AbstractTestNGCucumberTests.runScenario(AbstractTestNGCucumberTests.java:35)
at java.base/jdk.internal.reflect.NativeMethodAccessorImpl.invoke0(Native Method)
at java.base/jdk.internal.reflect.NativeMethodAccessorImpl.invoke(NativeMethodAccessorImpl.java:62)
at java.base/jdk.internal.reflect.DelegatingMethodAccessorImpl.invoke(DelegatingMethodAccessorImpl.java:43)
at java.base/java.lang.reflect.Method.invoke(Method.java:566)
at org.testng.internal.invokers.MethodInvocationHelper.invokeMethod(MethodInvocationHelper.java:139)
at org.testng.internal.invokers.TestInvoker.invokeMethod(TestInvoker.java:664)
at org.testng.internal.invokers.TestInvoker.invokeTestMethod(TestInvoker.java:228)
at org.testng.internal.invokers.TestMethodWithDataProviderMethodWorker.call(TestMethodWithDataProviderMethodWorker.java:80)
at java.base/java.util.concurrent.CompletableFuture$AsyncSupply.run(CompletableFuture.java:1700)
at java.base/java.util.concurrent.ThreadPoolExecutor.runWorker(ThreadPoolExecutor.java:1128)
at java.base/java.util.concurrent.ThreadPoolExecutor$Worker.run(ThreadPoolExecutor.java:628)
at java.base/java.lang.Thread.run(Thread.java:834)
Caused by: java.lang.NoClassDefFoundError: Could not initialize class net.thucydides.core.webdriver.WebdriverCloseBrowser
at net.thucydides.core.webdriver.WebdriverCloseBrowser$$FastClassByGuice$$21167126.GUICE$TRAMPOLINE(<generated>)
at net.thucydides.core.webdriver.WebdriverCloseBrowser$$FastClassByGuice$$21167126.apply(<generated>)
at com.google.inject.internal.DefaultConstructionProxyFactory$FastClassProxy.newInstance(DefaultConstructionProxyFactory.java:82)
at com.google.inject.internal.ConstructorInjector.provision(ConstructorInjector.java:114)
at com.google.inject.internal.ConstructorInjector.construct(ConstructorInjector.java:91)
at com.google.inject.internal.ConstructorBindingImpl$Factory.get(ConstructorBindingImpl.java:296)
at com.google.inject.internal.FactoryProxy.get(FactoryProxy.java:60)
at com.google.inject.internal.ProviderToInternalFactoryAdapter.get(ProviderToInternalFactoryAdapter.java:40)
at com.google.inject.internal.SingletonScope$1.get(SingletonScope.java:169)
at com.google.inject.internal.InternalFactoryToProviderAdapter.get(InternalFactoryToProviderAdapter.java:45)
at com.google.inject.internal.InjectorImpl$1.get(InjectorImpl.java:1100)
... 34 more
Caused by: java.lang.ExceptionInInitializerError: Exception java.lang.NoClassDefFoundError: org/openqa/selenium/interactions/HasInputDevices [in thread "TestNG-PoolService-1"]
at java.base/java.lang.ClassLoader.defineClass1(Native Method)
at java.base/java.lang.ClassLoader.defineClass(ClassLoader.java:1016)
at java.base/java.security.SecureClassLoader.defineClass(SecureClassLoader.java:174)
at java.base/jdk.internal.loader.BuiltinClassLoader.defineClass(BuiltinClassLoader.java:800)
at java.base/jdk.internal.loader.BuiltinClassLoader.findClassOnClassPathOrNull(BuiltinClassLoader.java:698)
at java.base/jdk.internal.loader.BuiltinClassLoader.loadClassOrNull(BuiltinClassLoader.java:621)
at java.base/jdk.internal.loader.BuiltinClassLoader.loadClass(BuiltinClassLoader.java:579)
at java.base/jdk.internal.loader.ClassLoaders$AppClassLoader.loadClass(ClassLoaders.java:178)
at java.base/java.lang.ClassLoader.loadClass(ClassLoader.java:521)
at net.thucydides.core.webdriver.WebdriverCloseBrowser.<clinit>(WebdriverCloseBrowser.java:17)
at net.thucydides.core.webdriver.WebdriverCloseBrowser$$FastClassByGuice$$21167126.GUICE$TRAMPOLINE(<generated>)
at net.thucydides.core.webdriver.WebdriverCloseBrowser$$FastClassByGuice$$21167126.apply(<generated>)
at com.google.inject.internal.DefaultConstructionProxyFactory$FastClassProxy.newInstance(DefaultConstructionProxyFactory.java:82)
at com.google.inject.internal.ConstructorInjector.provision(ConstructorInjector.java:114)
at com.google.inject.internal.ConstructorInjector.construct(ConstructorInjector.java:91)
at com.google.inject.internal.ConstructorBindingImpl$Factory.get(ConstructorBindingImpl.java:296)
at com.google.inject.internal.FactoryProxy.get(FactoryProxy.java:60)
at com.google.inject.internal.ProviderToInternalFactoryAdapter.get(ProviderToInternalFactoryAdapter.java:40)
at com.google.inject.internal.SingletonScope$1.get(SingletonScope.java:169)
at com.google.inject.internal.InternalFactoryToProviderAdapter.get(InternalFactoryToProviderAdapter.java:45)
at com.google.inject.internal.InjectorImpl$1.get(InjectorImpl.java:1100)
at com.google.inject.internal.InjectorImpl.getInstance(InjectorImpl.java:1138)
at net.thucydides.core.webdriver.WebDriverFactory.<init>(WebDriverFactory.java:66)
at net.thucydides.core.webdriver.WebDriverFactory.<init>(WebDriverFactory.java:58)
at net.thucydides.core.webdriver.WebDriverFactory.<init>(WebDriverFactory.java:54)
at net.thucydides.core.webdriver.WebDriverFactory$$FastClassByGuice$$25559261.GUICE$TRAMPOLINE(<generated>)
at net.thucydides.core.webdriver.WebDriverFactory$$FastClassByGuice$$25559261.apply(<generated>)
at com.google.inject.internal.DefaultConstructionProxyFactory$FastClassProxy.newInstance(DefaultConstructionProxyFactory.java:82)
at com.google.inject.internal.ConstructorInjector.provision(ConstructorInjector.java:114)
at com.google.inject.internal.ConstructorInjector.construct(ConstructorInjector.java:91)
at com.google.inject.internal.ConstructorBindingImpl$Factory.get(ConstructorBindingImpl.java:296)
at com.google.inject.internal.InjectorImpl$1.get(InjectorImpl.java:1100)
at com.google.inject.internal.InjectorImpl.getInstance(InjectorImpl.java:1138)
at net.serenitybdd.core.Serenity.setupWebDriverFactory(Serenity.java:125)
at net.serenitybdd.core.Serenity.initializeWithNoStepListener(Serenity.java:101)
at cucumber.runtime.SerenityObjectFactory.newInstance(SerenityObjectFactory.java:75)
at cucumber.runtime.SerenityObjectFactory.cacheNewInstance(SerenityObjectFactory.java:58)
at cucumber.runtime.SerenityObjectFactory.getInstance(SerenityObjectFactory.java:48)
at io.cucumber.java.AbstractGlueDefinition.invokeMethod(AbstractGlueDefinition.java:47)
at io.cucumber.java.JavaHookDefinition.execute(JavaHookDefinition.java:64)
at io.cucumber.core.runner.CoreHookDefinition.execute(CoreHookDefinition.java:46)
at io.cucumber.core.runner.HookDefinitionMatch.runStep(HookDefinitionMatch.java:21)
at io.cucumber.core.runner.ExecutionMode$1.execute(ExecutionMode.java:10)
at io.cucumber.core.runner.TestStep.executeStep(TestStep.java:84)
at io.cucumber.core.runner.TestStep.run(TestStep.java:56)
at io.cucumber.core.runner.TestCase.run(TestCase.java:78)
at io.cucumber.core.runner.Runner.runPickle(Runner.java:75)
... 18 more
]]>
    </error>
  </testcase> <!-- runScenario -->
</testsuite> <!-- runner.MySerenityRunner -->
